2025-09-13 10:28:49 [INFO]: User testuser dibuat dengan role=user pada 2025-09-13 10:28:49
2025-09-13 10:31:40 [INFO]: Guide Test dibuat pada 2025-09-13 10:31:40
2025-09-13 10:31:40 [INFO]: getAll guides dipanggil pada 2025-09-13 10:31:40
2025-09-13 10:31:40 [INFO]: User testuser dibuat dengan role=user pada 2025-09-13 10:31:40
2025-09-13 10:43:10 [INFO]: Guide Test dibuat pada 2025-09-13 10:43:10
2025-09-13 10:43:10 [INFO]: getAll guides dipanggil pada 2025-09-13 10:43:10
2025-09-13 10:43:10 [INFO]: User testuser dibuat dengan role=user pada 2025-09-13 10:43:10
2025-09-13 11:00:27 [INFO]: findByUsername dipanggil untuk username=Blooprint pada 2025-09-13 11:00:27
2025-09-13 11:00:35 [INFO]: getAll guides dipanggil pada 2025-09-13 11:00:35
2025-09-13 11:00:35 [INFO]: getAll guides dipanggil pada 2025-09-13 11:00:35
2025-09-13 11:05:31 [INFO]: findByUsername dipanggil untuk username=Blooprint pada 2025-09-13 11:05:31
2025-09-13 11:07:05 [INFO]: findByUsername dipanggil untuk username=Blooprint pada 2025-09-13 11:07:05
2025-09-13 11:07:07 [INFO]: getAll guides dipanggil pada 2025-09-13 11:07:07
2025-09-13 11:07:07 [INFO]: getAll guides dipanggil pada 2025-09-13 11:07:07
2025-09-13 11:07:11 [INFO]: getAll guides dipanggil pada 2025-09-13 11:07:11
2025-09-13 11:07:11 [INFO]: getAll guides dipanggil pada 2025-09-13 11:07:11
2025-09-13 11:07:28 [INFO]: getAll guides dipanggil pada 2025-09-13 11:07:28
2025-09-13 11:07:28 [INFO]: getAll guides dipanggil pada 2025-09-13 11:07:28
2025-09-13 11:34:44 [INFO]: findByUsername dipanggil untuk username=Blooprint pada 2025-09-13 11:34:44
2025-09-13 11:34:46 [INFO]: getAll guides dipanggil pada 2025-09-13 11:34:46
2025-09-13 11:34:47 [INFO]: getAll guides dipanggil pada 2025-09-13 11:34:47
2025-09-16 08:00:04 [INFO]: findByUsername dipanggil untuk username=Blooprint pada 2025-09-16 08:00:04
2025-09-16 08:00:08 [INFO]: findByUsername dipanggil untuk username=Blooprint pada 2025-09-16 08:00:08
2025-09-16 08:00:10 [INFO]: getAll guides dipanggil pada 2025-09-16 08:00:10
2025-09-16 08:00:10 [INFO]: getAll guides dipanggil pada 2025-09-16 08:00:10
2025-09-16 08:00:12 [INFO]: getAll guides dipanggil pada 2025-09-16 08:00:12
2025-09-16 08:00:12 [INFO]: getAll guides dipanggil pada 2025-09-16 08:00:12
2025-09-16 08:00:52 [INFO]: findByUsername dipanggil untuk username=Blooprint pada 2025-09-16 08:00:52
2025-09-16 08:00:55 [INFO]: getAll guides dipanggil pada 2025-09-16 08:00:55
2025-09-16 08:01:12 [INFO]: getAll guides dipanggil pada 2025-09-16 08:01:12
2025-09-16 08:01:12 [INFO]: getAll guides dipanggil pada 2025-09-16 08:01:12
2025-09-16 08:01:22 [INFO]: findByUsername dipanggil untuk username=Blooprint pada 2025-09-16 08:01:22
2025-09-16 08:01:26 [INFO]: getAll guides dipanggil pada 2025-09-16 08:01:26
2025-09-16 08:01:26 [INFO]: getAll guides dipanggil pada 2025-09-16 08:01:26
2025-09-16 08:01:27 [INFO]: getAll guides dipanggil pada 2025-09-16 08:01:27
2025-09-16 08:01:27 [INFO]: getAll guides dipanggil pada 2025-09-16 08:01:27
2025-09-16 08:10:44 [INFO]: Guide Test dibuat pada 2025-09-16 08:10:44
2025-09-16 08:10:44 [INFO]: getAll guides dipanggil pada 2025-09-16 08:10:44
2025-09-16 08:10:45 [INFO]: User testuser dibuat dengan role=user pada 2025-09-16 08:10:45
2025-09-16 08:13:07 [INFO]: findByUsername dipanggil untuk username=Blooprint pada 2025-09-16 08:13:07
2025-09-16 09:21:49 [INFO]: getAll guides dipanggil pada 2025-09-16 09:21:49
2025-09-16 09:21:49 [INFO]: getAll guides dipanggil pada 2025-09-16 09:21:49
2025-09-16 09:21:55 [INFO]: findByUsername dipanggil untuk username=Blooprint pada 2025-09-16 09:21:55
2025-09-16 09:21:57 [INFO]: getAll guides dipanggil pada 2025-09-16 09:21:57
2025-09-16 09:21:57 [INFO]: getAll guides dipanggil pada 2025-09-16 09:21:57
2025-09-16 09:22:00 [INFO]: getAll guides dipanggil pada 2025-09-16 09:22:00
2025-09-16 09:22:00 [INFO]: getAll guides dipanggil pada 2025-09-16 09:22:00
2025-09-16 09:52:46 [INFO]: User Test dibuat dengan role=user pada 2025-09-16 09:52:46
2025-09-16 09:54:12 [INFO]: findByUsername dipanggil untuk username=Test pada 2025-09-16 09:54:12
2025-09-16 09:54:29 [INFO]: getAll guides dipanggil pada 2025-09-16 09:54:29
2025-09-16 09:54:29 [INFO]: getAll guides dipanggil pada 2025-09-16 09:54:29
2025-09-16 09:59:14 [INFO]: findByUsername dipanggil untuk username=Blooprint pada 2025-09-16 09:59:14
2025-09-16 09:59:19 [INFO]: findByUsername dipanggil untuk username=Blooprint pada 2025-09-16 09:59:19
2025-09-16 09:59:23 [INFO]: findByUsername dipanggil untuk username=Blooprint pada 2025-09-16 09:59:23
2025-09-16 10:00:01 [INFO]: getAll guides dipanggil pada 2025-09-16 10:00:01
2025-09-16 10:00:01 [INFO]: getAll guides dipanggil pada 2025-09-16 10:00:01
2025-09-16 10:00:18 [INFO]: getAll guides dipanggil pada 2025-09-16 10:00:18
2025-09-16 10:00:18 [INFO]: getAll guides dipanggil pada 2025-09-16 10:00:18
2025-09-16 10:00:19 [INFO]: getAll guides dipanggil pada 2025-09-16 10:00:19
2025-09-16 10:00:19 [INFO]: getAll guides dipanggil pada 2025-09-16 10:00:19
2025-09-16 10:00:26 [INFO]: getAll guides dipanggil pada 2025-09-16 10:00:26
2025-09-16 10:00:26 [INFO]: getAll guides dipanggil pada 2025-09-16 10:00:26
2025-09-16 10:00:54 [INFO]: getAll guides dipanggil pada 2025-09-16 10:00:54
2025-09-16 10:02:31 [INFO]: findByUsername dipanggil untuk username=Blooprint pada 2025-09-16 10:02:31
2025-09-16 10:02:33 [INFO]: getAll guides dipanggil pada 2025-09-16 10:02:33
2025-09-16 10:02:33 [INFO]: getAll guides dipanggil pada 2025-09-16 10:02:33
2025-09-16 10:02:35 [INFO]: getAll guides dipanggil pada 2025-09-16 10:02:35
2025-09-16 10:02:35 [INFO]: getAll guides dipanggil pada 2025-09-16 10:02:35
2025-09-16 10:03:00 [INFO]: findByUsername dipanggil untuk username=Blooprint pada 2025-09-16 10:03:00
2025-09-16 10:03:02 [INFO]: getAll guides dipanggil pada 2025-09-16 10:03:02
2025-09-16 10:03:02 [INFO]: getAll guides dipanggil pada 2025-09-16 10:03:02
2025-09-16 10:03:10 [INFO]: Guide Test dibuat pada 2025-09-16 10:03:10
2025-09-16 10:03:11 [INFO]: getAll guides dipanggil pada 2025-09-16 10:03:11
2025-09-16 10:03:11 [INFO]: getAll guides dipanggil pada 2025-09-16 10:03:11
2025-09-16 10:06:52 [INFO]: getAll guides dipanggil pada 2025-09-16 10:06:52
2025-09-16 10:07:53 [INFO]: Guide Test dibuat pada 2025-09-16 10:07:53
2025-09-16 10:07:53 [INFO]: getAll guides dipanggil pada 2025-09-16 10:07:53
2025-09-16 10:07:53 [INFO]: User testuser dibuat dengan role=user pada 2025-09-16 10:07:53
2025-09-19 10:18:15 [INFO]: findByUsername dipanggil untuk username=Blooprint pada 2025-09-19 10:18:15
2025-09-19 10:18:33 [INFO]: User Blooprint dibuat dengan role=admin pada 2025-09-19 10:18:33
2025-09-19 10:18:37 [INFO]: findByUsername dipanggil untuk username=Blooprint pada 2025-09-19 10:18:37
2025-09-19 10:18:39 [INFO]: getAll guides dipanggil pada 2025-09-19 10:18:39
2025-09-19 10:18:39 [INFO]: getAll guides dipanggil pada 2025-09-19 10:18:39
2025-09-19 10:18:48 [INFO]: getAll guides dipanggil pada 2025-09-19 10:18:48
2025-09-19 10:18:48 [INFO]: getAll guides dipanggil pada 2025-09-19 10:18:48
2025-09-19 10:18:50 [INFO]: getAll guides dipanggil pada 2025-09-19 10:18:50
2025-09-19 10:18:51 [INFO]: getAll guides dipanggil pada 2025-09-19 10:18:51
2025-09-19 10:22:40 [INFO]: findByUsername dipanggil untuk username=Blooprint pada 2025-09-19 10:22:40
2025-09-19 10:24:35 [INFO]: findByUsername dipanggil untuk username=Blooprint pada 2025-09-19 10:24:35
2025-09-19 10:25:09 [INFO]: findByUsername dipanggil untuk username=Blooprint pada 2025-09-19 10:25:09
2025-09-19 10:28:12 [INFO]: User Blooprint dibuat dengan role=admin pada 2025-09-19 10:28:12
2025-09-19 10:28:16 [INFO]: findByUsername dipanggil untuk username=Blooprint pada 2025-09-19 10:28:16
2025-09-19 10:28:20 [INFO]: getAll guides dipanggil pada 2025-09-19 10:28:20
2025-09-19 10:28:20 [INFO]: getAll guides dipanggil pada 2025-09-19 10:28:20
2025-09-19 10:29:24 [INFO]: Guide Ziz Boss GUIDE - Solo Raid CHALLENGE MODE - Nikke | SR 28 | ソロレイド - ジズ dibuat pada 2025-09-19 10:29:24
2025-09-19 10:29:25 [INFO]: getAll guides dipanggil pada 2025-09-19 10:29:25
2025-09-19 10:29:25 [INFO]: getAll guides dipanggil pada 2025-09-19 10:29:25
2025-09-19 10:29:48 [INFO]: getAll guides dipanggil pada 2025-09-19 10:29:48
2025-09-26 07:17:46 [INFO]: findByUsername dipanggil untuk username=Blooprint pada 2025-09-26 07:17:46
2025-09-26 07:24:57 [INFO]: getAll guides dipanggil pada 2025-09-26 07:24:57
2025-09-26 07:24:57 [INFO]: getAll guides dipanggil pada 2025-09-26 07:24:57
2025-09-26 07:50:38 [INFO]: findByUsername dipanggil untuk username=Blooprint pada 2025-09-26 07:50:38
2025-09-26 07:50:40 [INFO]: getAll guides dipanggil pada 2025-09-26 07:50:40
2025-09-26 07:50:40 [INFO]: getAll guides dipanggil pada 2025-09-26 07:50:40
2025-09-26 08:07:20 [INFO]: getAll guides dipanggil pada 2025-09-26 08:07:20
2025-09-26 08:07:21 [INFO]: getAll guides dipanggil pada 2025-09-26 08:07:21
2025-09-26 08:07:25 [INFO]: findByUsername dipanggil untuk username=Blooprint pada 2025-09-26 08:07:25
2025-09-26 08:07:28 [INFO]: getAll guides dipanggil pada 2025-09-26 08:07:28
2025-09-26 08:07:28 [INFO]: getAll guides dipanggil pada 2025-09-26 08:07:28
2025-09-26 08:10:22 [INFO]: findByUsername dipanggil untuk username=Blooprint pada 2025-09-26 08:10:22
2025-09-26 08:10:22 [INFO]: findByUsername dipanggil untuk username=Blooprint pada 2025-09-26 08:10:22
2025-09-26 08:11:11 [INFO]: getAll guides dipanggil pada 2025-09-26 08:11:11
2025-09-26 08:11:11 [INFO]: getAll guides dipanggil pada 2025-09-26 08:11:11
2025-09-26 08:14:17 [INFO]: getAll guides dipanggil pada 2025-09-26 08:14:17
2025-09-26 08:14:17 [INFO]: getAll guides dipanggil pada 2025-09-26 08:14:17
2025-09-26 08:14:54 [INFO]: Guide TestXXXXXXXXXXXXXXXXXX dibuat pada 2025-09-26 08:14:54
2025-09-26 08:14:54 [INFO]: getAll guides dipanggil pada 2025-09-26 08:14:54
2025-09-26 08:14:54 [INFO]: getAll guides dipanggil pada 2025-09-26 08:14:54
2025-09-26 08:15:24 [INFO]: Guide id=2 diperbarui pada 2025-09-26 08:15:24
2025-09-26 08:15:24 [INFO]: getAll guides dipanggil pada 2025-09-26 08:15:24
2025-09-26 08:15:25 [INFO]: getAll guides dipanggil pada 2025-09-26 08:15:25
2025-09-26 08:16:07 [INFO]: getAll guides dipanggil pada 2025-09-26 08:16:07
2025-09-26 08:16:07 [INFO]: getAll guides dipanggil pada 2025-09-26 08:16:07
2025-09-26 08:16:09 [INFO]: Guide id=2 dihapus pada 2025-09-26 08:16:09
2025-09-26 08:16:15 [INFO]: getAll guides dipanggil pada 2025-09-26 08:16:15
2025-09-26 08:16:16 [INFO]: getAll guides dipanggil pada 2025-09-26 08:16:16
2025-09-26 08:24:49 [INFO]: Guide Test dibuat pada 2025-09-26 08:24:49
2025-09-26 08:24:49 [INFO]: getAll guides dipanggil pada 2025-09-26 08:24:49
